mode: set
github.com/garethjevans/scm/pkg/cmd/token.go:23.35,30.55 1 1
github.com/garethjevans/scm/pkg/cmd/token.go:30.55,32.18 2 1
github.com/garethjevans/scm/pkg/cmd/token.go:32.18,34.5 1 0
github.com/garethjevans/scm/pkg/cmd/token.go:35.4,36.18 2 1
github.com/garethjevans/scm/pkg/cmd/token.go:36.18,38.5 1 1
github.com/garethjevans/scm/pkg/cmd/token.go:39.4,40.14 2 1
github.com/garethjevans/scm/pkg/cmd/token.go:46.2,52.12 6 1
github.com/garethjevans/scm/pkg/cmd/token.go:55.110,57.29 2 1
github.com/garethjevans/scm/pkg/cmd/token.go:57.29,59.17 2 1
github.com/garethjevans/scm/pkg/cmd/token.go:59.17,61.4 1 0
github.com/garethjevans/scm/pkg/cmd/token.go:63.3,63.17 1 1
github.com/garethjevans/scm/pkg/cmd/token.go:63.17,65.18 2 1
github.com/garethjevans/scm/pkg/cmd/token.go:65.18,67.5 1 0
github.com/garethjevans/scm/pkg/cmd/token.go:73.4,73.24 1 1
github.com/garethjevans/scm/pkg/cmd/token.go:73.24,77.11 2 1
github.com/garethjevans/scm/pkg/cmd/token.go:77.11,79.6 1 1
github.com/garethjevans/scm/pkg/cmd/token.go:81.9,85.10 2 0
github.com/garethjevans/scm/pkg/cmd/token.go:85.10,87.5 1 0
github.com/garethjevans/scm/pkg/cmd/token.go:91.2,91.64 1 1
github.com/garethjevans/scm/pkg/cmd/url.go:15.33,22.55 1 1
github.com/garethjevans/scm/pkg/cmd/url.go:22.55,25.4 2 1
github.com/garethjevans/scm/pkg/cmd/url.go:30.2,35.12 5 1
github.com/garethjevans/scm/pkg/cmd/url.go:38.73,39.31 1 1
github.com/garethjevans/scm/pkg/cmd/url.go:39.31,41.3 1 1
github.com/garethjevans/scm/pkg/cmd/url.go:43.2,43.76 1 1
github.com/garethjevans/scm/pkg/cmd/url.go:46.51,47.21 1 1
github.com/garethjevans/scm/pkg/cmd/url.go:47.21,49.3 1 1
github.com/garethjevans/scm/pkg/cmd/url.go:51.2,51.62 1 1
github.com/garethjevans/scm/pkg/cmd/url.go:51.62,53.3 1 1
github.com/garethjevans/scm/pkg/cmd/url.go:55.2,55.14 1 1
