mode: set
github.com/garethjevans/scm/pkg/client/factory.go:14.104,16.16 2 1
github.com/garethjevans/scm/pkg/client/factory.go:16.16,18.3 1 0
github.com/garethjevans/scm/pkg/client/factory.go:20.2,23.43 3 1
github.com/garethjevans/scm/pkg/client/factory.go:23.43,26.3 2 0
github.com/garethjevans/scm/pkg/client/factory.go:26.8,29.17 3 1
github.com/garethjevans/scm/pkg/client/factory.go:29.17,31.4 1 0
github.com/garethjevans/scm/pkg/client/factory.go:32.3,33.18 2 1
github.com/garethjevans/scm/pkg/client/factory.go:37.2,45.16 3 1
github.com/garethjevans/scm/pkg/client/factory.go:45.16,47.17 2 1
github.com/garethjevans/scm/pkg/client/factory.go:47.17,49.4 1 0
github.com/garethjevans/scm/pkg/client/factory.go:50.8,52.3 1 1
github.com/garethjevans/scm/pkg/client/factory.go:54.2,60.36 5 1
github.com/garethjevans/scm/pkg/client/factory.go:63.86,65.29 2 1
github.com/garethjevans/scm/pkg/client/factory.go:65.29,67.17 2 1
github.com/garethjevans/scm/pkg/client/factory.go:67.17,69.4 1 0
github.com/garethjevans/scm/pkg/client/factory.go:71.3,72.17 2 1
github.com/garethjevans/scm/pkg/client/factory.go:72.17,74.4 1 0
github.com/garethjevans/scm/pkg/client/factory.go:76.3,76.23 1 1
github.com/garethjevans/scm/pkg/client/factory.go:76.23,80.10 2 1
github.com/garethjevans/scm/pkg/client/factory.go:80.10,82.5 1 1
github.com/garethjevans/scm/pkg/client/factory.go:86.2,86.77 1 0
github.com/garethjevans/scm/pkg/cmd/pr.go:8.32,21.2 3 0
github.com/garethjevans/scm/pkg/cmd/pr_create.go:36.38,68.2 17 0
github.com/garethjevans/scm/pkg/cmd/pr_create.go:70.65,72.16 2 0
github.com/garethjevans/scm/pkg/cmd/pr_create.go:72.16,74.3 1 0
github.com/garethjevans/scm/pkg/cmd/pr_create.go:76.2,77.16 2 0
github.com/garethjevans/scm/pkg/cmd/pr_create.go:77.16,79.3 1 0
github.com/garethjevans/scm/pkg/cmd/pr_create.go:81.2,86.16 4 0
github.com/garethjevans/scm/pkg/cmd/pr_create.go:86.16,88.3 1 0
github.com/garethjevans/scm/pkg/cmd/pr_create.go:90.2,93.16 3 0
github.com/garethjevans/scm/pkg/cmd/pr_create.go:93.16,95.3 1 0
github.com/garethjevans/scm/pkg/cmd/pr_create.go:97.2,98.16 2 0
github.com/garethjevans/scm/pkg/cmd/pr_create.go:98.16,100.3 1 0
github.com/garethjevans/scm/pkg/cmd/pr_create.go:102.2,109.16 3 0
github.com/garethjevans/scm/pkg/cmd/pr_create.go:109.16,115.17 2 0
github.com/garethjevans/scm/pkg/cmd/pr_create.go:115.17,117.4 1 0
github.com/garethjevans/scm/pkg/cmd/pr_create.go:120.2,120.23 1 0
github.com/garethjevans/scm/pkg/cmd/pr_create.go:120.23,123.17 3 0
github.com/garethjevans/scm/pkg/cmd/pr_create.go:123.17,125.4 1 0
github.com/garethjevans/scm/pkg/cmd/pr_create.go:127.3,135.17 2 0
github.com/garethjevans/scm/pkg/cmd/pr_create.go:135.17,137.4 1 0
github.com/garethjevans/scm/pkg/cmd/pr_create.go:139.3,139.25 1 0
github.com/garethjevans/scm/pkg/cmd/pr_create.go:139.25,141.18 2 0
github.com/garethjevans/scm/pkg/cmd/pr_create.go:141.18,143.5 1 0
github.com/garethjevans/scm/pkg/cmd/pr_create.go:146.3,147.17 2 0
github.com/garethjevans/scm/pkg/cmd/pr_create.go:147.17,149.4 1 0
github.com/garethjevans/scm/pkg/cmd/pr_create.go:150.3,164.17 3 0
github.com/garethjevans/scm/pkg/cmd/pr_create.go:164.17,166.4 1 0
github.com/garethjevans/scm/pkg/cmd/pr_create.go:170.2,171.16 2 0
github.com/garethjevans/scm/pkg/cmd/pr_create.go:171.16,173.3 1 0
github.com/garethjevans/scm/pkg/cmd/pr_create.go:175.2,177.32 2 0
github.com/garethjevans/scm/pkg/cmd/pr_create.go:177.32,182.13 3 0
github.com/garethjevans/scm/pkg/cmd/pr_create.go:182.13,184.25 2 0
github.com/garethjevans/scm/pkg/cmd/pr_create.go:184.25,186.19 2 0
github.com/garethjevans/scm/pkg/cmd/pr_create.go:186.19,188.6 1 0
github.com/garethjevans/scm/pkg/cmd/pr_create.go:190.4,190.28 1 0
github.com/garethjevans/scm/pkg/cmd/pr_create.go:190.28,192.19 2 0
github.com/garethjevans/scm/pkg/cmd/pr_create.go:192.19,194.6 1 0
github.com/garethjevans/scm/pkg/cmd/pr_create.go:196.9,205.18 3 0
github.com/garethjevans/scm/pkg/cmd/pr_create.go:205.18,207.5 1 0
github.com/garethjevans/scm/pkg/cmd/pr_create.go:209.4,211.25 2 0
github.com/garethjevans/scm/pkg/cmd/pr_create.go:211.25,213.19 2 0
github.com/garethjevans/scm/pkg/cmd/pr_create.go:213.19,215.6 1 0
github.com/garethjevans/scm/pkg/cmd/pr_create.go:217.4,217.28 1 0
github.com/garethjevans/scm/pkg/cmd/pr_create.go:217.28,219.19 2 0
github.com/garethjevans/scm/pkg/cmd/pr_create.go:219.19,221.6 1 0
github.com/garethjevans/scm/pkg/cmd/pr_create.go:225.2,225.12 1 0
github.com/garethjevans/scm/pkg/cmd/pr_create.go:228.78,230.16 2 0
github.com/garethjevans/scm/pkg/cmd/pr_create.go:230.16,232.3 1 0
github.com/garethjevans/scm/pkg/cmd/pr_create.go:234.2,235.40 2 0
github.com/garethjevans/scm/pkg/cmd/pr_create.go:238.124,240.2 1 0
github.com/garethjevans/scm/pkg/cmd/pr_create.go:242.50,244.2 1 0
github.com/garethjevans/scm/pkg/cmd/pr_create.go:246.143,250.6 3 0
github.com/garethjevans/scm/pkg/cmd/pr_create.go:250.6,254.17 3 0
github.com/garethjevans/scm/pkg/cmd/pr_create.go:254.17,257.4 2 0
github.com/garethjevans/scm/pkg/cmd/pr_create.go:259.3,259.38 1 0
github.com/garethjevans/scm/pkg/cmd/pr_create.go:259.38,260.9 1 0
github.com/garethjevans/scm/pkg/cmd/pr_create.go:263.3,265.9 2 0
github.com/garethjevans/scm/pkg/cmd/pr_create.go:268.2,268.51 1 0
github.com/garethjevans/scm/pkg/cmd/pr_create.go:268.51,269.75 1 0
github.com/garethjevans/scm/pkg/cmd/pr_create.go:269.75,271.4 1 0
github.com/garethjevans/scm/pkg/cmd/pr_create.go:274.2,274.21 1 0
github.com/garethjevans/scm/pkg/cmd/token.go:19.35,26.55 1 1
github.com/garethjevans/scm/pkg/cmd/token.go:26.55,28.18 2 1
github.com/garethjevans/scm/pkg/cmd/token.go:28.18,30.5 1 0
github.com/garethjevans/scm/pkg/cmd/token.go:31.4,32.18 2 1
github.com/garethjevans/scm/pkg/cmd/token.go:32.18,34.5 1 1
github.com/garethjevans/scm/pkg/cmd/token.go:35.4,36.14 2 1
github.com/garethjevans/scm/pkg/cmd/token.go:42.2,48.12 6 1
github.com/garethjevans/scm/pkg/cmd/token.go:51.110,53.29 2 1
github.com/garethjevans/scm/pkg/cmd/token.go:53.29,55.17 2 1
github.com/garethjevans/scm/pkg/cmd/token.go:55.17,57.4 1 0
github.com/garethjevans/scm/pkg/cmd/token.go:59.3,59.17 1 1
github.com/garethjevans/scm/pkg/cmd/token.go:59.17,61.18 2 1
github.com/garethjevans/scm/pkg/cmd/token.go:61.18,63.5 1 0
github.com/garethjevans/scm/pkg/cmd/token.go:65.4,65.24 1 1
github.com/garethjevans/scm/pkg/cmd/token.go:65.24,69.11 2 1
github.com/garethjevans/scm/pkg/cmd/token.go:69.11,71.6 1 1
github.com/garethjevans/scm/pkg/cmd/token.go:73.9,77.10 2 0
github.com/garethjevans/scm/pkg/cmd/token.go:77.10,79.5 1 0
github.com/garethjevans/scm/pkg/cmd/token.go:83.2,83.64 1 1
github.com/garethjevans/scm/pkg/cmd/url.go:15.33,22.55 1 1
github.com/garethjevans/scm/pkg/cmd/url.go:22.55,25.4 2 1
github.com/garethjevans/scm/pkg/cmd/url.go:30.2,35.12 5 1
github.com/garethjevans/scm/pkg/cmd/url.go:38.73,39.31 1 1
github.com/garethjevans/scm/pkg/cmd/url.go:39.31,41.3 1 1
github.com/garethjevans/scm/pkg/cmd/url.go:43.2,43.76 1 1
github.com/garethjevans/scm/pkg/cmd/url.go:46.51,47.21 1 1
github.com/garethjevans/scm/pkg/cmd/url.go:47.21,49.3 1 1
github.com/garethjevans/scm/pkg/cmd/url.go:51.2,51.62 1 1
github.com/garethjevans/scm/pkg/cmd/url.go:51.62,53.3 1 1
github.com/garethjevans/scm/pkg/cmd/url.go:55.2,55.14 1 1
